This is pdfTeX, Version 3.1415926-1.40.10 (TeX Live 2009/Debian) (format=pdflatex 2011.7.12)  25 APR 2012 11:37
entering extended mode
 %&-line parsing enabled.
**\nonstopmode \input{"/home/fitze/Dropbox/UTA/r/scripts/20120424_serpentwrap/s
erpentcompare.tex"}
(/home/fitze/Dropbox/UTA/r/scripts/20120424_serpentwrap/serpentcompare.tex
(/usr/share/texmf-texlive/tex/latex/base/article.cls
Document Class: article 2007/10/19 v1.4h Standard LaTeX document class
(/usr/share/texmf-texlive/tex/latex/base/size12.clo
File: size12.clo 2007/10/19 v1.4h Standard LaTeX file (size option)
)
\c@part=\count79
\c@section=\count80
\c@subsection=\count81
\c@subsubsection=\count82
\c@paragraph=\count83
\c@subparagraph=\count84
\c@figure=\count85
\c@table=\count86
\abovecaptionskip=\skip41
\belowcaptionskip=\skip42
\bibindent=\dimen102
)
(/usr/share/texmf-texlive/tex/latex/graphics/graphicx.sty
Package: graphicx 1999/02/16 v1.0f Enhanced LaTeX Graphics (DPC,SPQR)

(/usr/share/texmf-texlive/tex/latex/graphics/keyval.sty
Package: keyval 1999/03/16 v1.13 key=value parser (DPC)
\KV@toks@=\toks14
)
(/usr/share/texmf-texlive/tex/latex/graphics/graphics.sty
Package: graphics 2009/02/05 v1.0o Standard LaTeX Graphics (DPC,SPQR)

(/usr/share/texmf-texlive/tex/latex/graphics/trig.sty
Package: trig 1999/03/16 v1.09 sin cos tan (DPC)
)
(/etc/texmf/tex/latex/config/graphics.cfg
File: graphics.cfg 2009/08/28 v1.8 graphics configuration of TeX Live
)
Package graphics Info: Driver file: pdftex.def on input line 91.

(/usr/share/texmf-texlive/tex/latex/pdftex-def/pdftex.def
File: pdftex.def 2010/03/12 v0.04p Graphics/color for pdfTeX
\Gread@gobject=\count87
))
\Gin@req@height=\dimen103
\Gin@req@width=\dimen104
)
(/usr/share/texmf-texlive/tex/latex/geometry/geometry.sty
Package: geometry 2008/12/21 v4.2 Page Geometry

(/usr/share/texmf-texlive/tex/generic/oberdiek/ifpdf.sty
Package: ifpdf 2009/04/10 v2.0 Provides the ifpdf switch (HO)
Package ifpdf Info: pdfTeX in pdf mode detected.
)
(/usr/share/texmf-texlive/tex/generic/oberdiek/ifvtex.sty
Package: ifvtex 2008/11/04 v1.4 Switches for detecting VTeX and its modes (HO)
Package ifvtex Info: VTeX not detected.
)
\Gm@cnth=\count88
\Gm@cntv=\count89
\c@Gm@tempcnt=\count90
\Gm@bindingoffset=\dimen105
\Gm@wd@mp=\dimen106
\Gm@odd@mp=\dimen107
\Gm@even@mp=\dimen108
\Gm@dimlist=\toks15

(/usr/share/texmf-texlive/tex/xelatex/xetexconfig/geometry.cfg))
(/usr/share/texmf-texlive/tex/latex/caption/caption.sty
Package: caption 2009/10/09 v3.1k Customizing captions (AR)

(/usr/share/texmf-texlive/tex/latex/caption/caption3.sty
Package: caption3 2009/10/09 v3.1k caption3 kernel (AR)
\captionmargin=\dimen109
\captionmargin@=\dimen110
\captionwidth=\dimen111
\caption@indent=\dimen112
\caption@parindent=\dimen113
\caption@hangindent=\dimen114
)
\c@ContinuedFloat=\count91
)
(/home/fitze/Dropbox/UTA/r/code/vbudsii/scripts/verval/mcnpxsimplant/serpentcom
pare_ab/serpentcompare.aux

LaTeX Warning: Label `fig:Energy dependent flux in both cells of the reactor, g
enerated by VBUDSII run a and Serpent.' multiply defined.

)
\openout1 = `serpentcompare.aux'.

LaTeX Font Info:    Checking defaults for OML/cmm/m/it on input line 6.
LaTeX Font Info:    ... okay on input line 6.
LaTeX Font Info:    Checking defaults for T1/cmr/m/n on input line 6.
LaTeX Font Info:    ... okay on input line 6.
LaTeX Font Info:    Checking defaults for OT1/cmr/m/n on input line 6.
LaTeX Font Info:    ... okay on input line 6.
LaTeX Font Info:    Checking defaults for OMS/cmsy/m/n on input line 6.
LaTeX Font Info:    ... okay on input line 6.
LaTeX Font Info:    Checking defaults for OMX/cmex/m/n on input line 6.
LaTeX Font Info:    ... okay on input line 6.
LaTeX Font Info:    Checking defaults for U/cmr/m/n on input line 6.
LaTeX Font Info:    ... okay on input line 6.
 (/usr/share/texmf/tex/context/base/supp-pdf.mkii
[Loading MPS to PDF converter (version 2006.09.02).]
\scratchcounter=\count92
\scratchdimen=\dimen115
\scratchbox=\box26
\nofMPsegments=\count93
\nofMParguments=\count94
\everyMPshowfont=\toks16
\MPscratchCnt=\count95
\MPscratchDim=\dimen116
\MPnumerator=\count96
\everyMPtoPDFconversion=\toks17
)
*geometry auto-detecting driver*
*geometry detected driver: pdftex*
-------------------- Geometry parameters
paper: letterpaper
landscape: --
twocolumn: --
twoside: --
asymmetric: --
h-parts: 36.135pt, 542.02501pt, 36.135pt
v-parts: 72.26999pt, 650.43001pt, 72.26999pt
hmarginratio: --
vmarginratio: --
lines: --
heightrounded: --
bindingoffset: 0.0pt
truedimen: --
includehead: --
includefoot: --
includemp: --
driver: pdftex
-------------------- Page layout dimensions and switches
\paperwidth  614.295pt
\paperheight 794.96999pt
\textwidth  542.02501pt
\textheight 650.43001pt
\oddsidemargin  -36.135pt
\evensidemargin -36.135pt
\topmargin  -37.0pt
\headheight 12.0pt
\headsep    25.0pt
\footskip   30.0pt
\marginparwidth 44.0pt
\marginparsep   10.0pt
\columnsep  10.0pt
\skip\footins  10.8pt plus 4.0pt minus 2.0pt
\hoffset 0.0pt
\voffset 0.0pt
\mag 1000

(1in=72.27pt, 1cm=28.45pt)
-----------------------
Package caption Info: Begin \AtBeginDocument code.
Package caption Info: End \AtBeginDocument code.
LaTeX Font Info:    External font `cmex10' loaded for size
(Font)              <14.4> on input line 9.
LaTeX Font Info:    External font `cmex10' loaded for size
(Font)              <7> on input line 9.

LaTeX Warning: No \author given.


(/home/fitze/Dropbox/UTA/r/code/vbudsii/scripts/verval/mcnpxsimplant/serpentcom
pare_ab/serpentcompare.toc
LaTeX Font Info:    External font `cmex10' loaded for size
(Font)              <12> on input line 6.
LaTeX Font Info:    External font `cmex10' loaded for size
(Font)              <8> on input line 6.
LaTeX Font Info:    External font `cmex10' loaded for size
(Font)              <6> on input line 6.
)
\tf@toc=\write3
\openout3 = `serpentcompare.toc'.


<figs/serpentcompareflux1.pdf, id=1, 442.47609pt x 225.1331pt>
File: figs/serpentcompareflux1.pdf Graphic file (type pdf)

<use figs/serpentcompareflux1.pdf> [1

{/var/lib/texmf/fonts/map/pdftex/updmap/pdftex.map}] <figs/serpentcompareflux1b
.pdf, id=9, 442.47609pt x 225.1331pt>
File: figs/serpentcompareflux1b.pdf Graphic file (type pdf)

<use figs/serpentcompareflux1b.pdf>
<figs/serpentcompareflux1ab.pdf, id=10, 442.47609pt x 225.1331pt>
File: figs/serpentcompareflux1ab.pdf Graphic file (type pdf)

<use figs/serpentcompareflux1ab.pdf> [2 </home/fitze/Dropbox/UTA/r/code/vbudsii
/scripts/verval/mcnpxsimplant/serpentcompare_ab/figs/serpentcompareflux1.pdf> <
/home/fitze/Dropbox/UTA/r/code/vbudsii/scripts/verval/mcnpxsimplant/serpentcomp
are_ab/figs/serpentcompareflux1b.pdf>]
<figs/serpentcompareflux1vbudsi.pdf, id=56, 442.47609pt x 225.13109pt>
File: figs/serpentcompareflux1vbudsi.pdf Graphic file (type pdf)

<use figs/serpentcompareflux1vbudsi.pdf>
<figs/serpentcompareflux1vbudsi2.pdf, id=57, 442.47609pt x 225.13109pt>
File: figs/serpentcompareflux1vbudsi2.pdf Graphic file (type pdf)

<use figs/serpentcompareflux1vbudsi2.pdf> [3 </home/fitze/Dropbox/UTA/r/code/vb
udsii/scripts/verval/mcnpxsimplant/serpentcompare_ab/figs/serpentcompareflux1ab
.pdf> </home/fitze/Dropbox/UTA/r/code/vbudsii/scripts/verval/mcnpxsimplant/serp
entcompare_ab/figs/serpentcompareflux1vbudsi.pdf>]
<figs/serpentcompareflux1vasm.pdf, id=93, 442.47609pt x 213.40628pt>
File: figs/serpentcompareflux1vasm.pdf Graphic file (type pdf)

<use figs/serpentcompareflux1vasm.pdf>
<figs/serpentcompareflux1vbsm.pdf, id=94, 442.47609pt x 213.40628pt>
File: figs/serpentcompareflux1vbsm.pdf Graphic file (type pdf)

<use figs/serpentcompareflux1vbsm.pdf> [4 </home/fitze/Dropbox/UTA/r/code/vbuds
ii/scripts/verval/mcnpxsimplant/serpentcompare_ab/figs/serpentcompareflux1vbuds
i2.pdf> </home/fitze/Dropbox/UTA/r/code/vbudsii/scripts/verval/mcnpxsimplant/se
rpentcompare_ab/figs/serpentcompareflux1vasm.pdf>]
<figs/serpentcompareflux1vam.pdf, id=130, 442.47609pt x 225.1331pt>
File: figs/serpentcompareflux1vam.pdf Graphic file (type pdf)

<use figs/serpentcompareflux1vam.pdf>
<figs/serpentcompareflux1vas.pdf, id=131, 442.47609pt x 213.40628pt>
File: figs/serpentcompareflux1vas.pdf Graphic file (type pdf)

<use figs/serpentcompareflux1vas.pdf> [5 </home/fitze/Dropbox/UTA/r/code/vbudsi
i/scripts/verval/mcnpxsimplant/serpentcompare_ab/figs/serpentcompareflux1vbsm.p
df> </home/fitze/Dropbox/UTA/r/code/vbudsii/scripts/verval/mcnpxsimplant/serpen
tcompare_ab/figs/serpentcompareflux1vam.pdf>]
File: figs/serpentcompareflux1vas.pdf Graphic file (type pdf)

<use figs/serpentcompareflux1vas.pdf>
<figs/serpentcompareflux1sm.pdf, id=167, 442.47609pt x 213.40628pt>
File: figs/serpentcompareflux1sm.pdf Graphic file (type pdf)

<use figs/serpentcompareflux1sm.pdf> [6 </home/fitze/Dropbox/UTA/r/code/vbudsii
/scripts/verval/mcnpxsimplant/serpentcompare_ab/figs/serpentcompareflux1vas.pdf
>] <figs/serpentcompareflux1vavbs.pdf, id=187, 442.47609pt x 213.40628pt>
File: figs/serpentcompareflux1vavbs.pdf Graphic file (type pdf)

<use figs/serpentcompareflux1vavbs.pdf>
<figs/serpentcomparexscell1m7.pdf, id=188, 441.84773pt x 213.40529pt>
File: figs/serpentcomparexscell1m7.pdf Graphic file (type pdf)

<use figs/serpentcomparexscell1m7.pdf> [7 </home/fitze/Dropbox/UTA/r/code/vbuds
ii/scripts/verval/mcnpxsimplant/serpentcompare_ab/figs/serpentcompareflux1sm.pd
f> </home/fitze/Dropbox/UTA/r/code/vbudsii/scripts/verval/mcnpxsimplant/serpent
compare_ab/figs/serpentcompareflux1vavbs.pdf>]
<figs/serpentcomparexscell1m2.pdf, id=225, 441.84773pt x 213.40628pt>
File: figs/serpentcomparexscell1m2.pdf Graphic file (type pdf)

<use figs/serpentcomparexscell1m2.pdf>
<figs/serpentcomparexscell1m102.pdf, id=226, 441.84773pt x 218.5525pt>
File: figs/serpentcomparexscell1m102.pdf Graphic file (type pdf)

<use figs/serpentcomparexscell1m102.pdf> [8 </home/fitze/Dropbox/UTA/r/code/vbu
dsii/scripts/verval/mcnpxsimplant/serpentcompare_ab/figs/serpentcomparexscell1m
7.pdf> </home/fitze/Dropbox/UTA/r/code/vbudsii/scripts/verval/mcnpxsimplant/ser
pentcompare_ab/figs/serpentcomparexscell1m2.pdf>]
<figs/serpentcomparexscell2m7.pdf, id=250, 441.84773pt x 213.40628pt>
File: figs/serpentcomparexscell2m7.pdf Graphic file (type pdf)

<use figs/serpentcomparexscell2m7.pdf>
<figs/serpentcomparexscell2m2.pdf, id=251, 441.84773pt x 213.40628pt>
File: figs/serpentcomparexscell2m2.pdf Graphic file (type pdf)

<use figs/serpentcomparexscell2m2.pdf> [9 </home/fitze/Dropbox/UTA/r/code/vbuds
ii/scripts/verval/mcnpxsimplant/serpentcompare_ab/figs/serpentcomparexscell1m10
2.pdf> </home/fitze/Dropbox/UTA/r/code/vbudsii/scripts/verval/mcnpxsimplant/ser
pentcompare_ab/figs/serpentcomparexscell2m7.pdf>]
<figs/serpentcomparexscell2m102.pdf, id=275, 441.84773pt x 216.44664pt>
File: figs/serpentcomparexscell2m102.pdf Graphic file (type pdf)

<use figs/serpentcomparexscell2m102.pdf>
<figs/serpentcomparexscell2z92235m7.pdf, id=276, 441.84773pt x 213.40529pt>
File: figs/serpentcomparexscell2z92235m7.pdf Graphic file (type pdf)

<use figs/serpentcomparexscell2z92235m7.pdf> [10 </home/fitze/Dropbox/UTA/r/cod
e/vbudsii/scripts/verval/mcnpxsimplant/serpentcompare_ab/figs/serpentcomparexsc
ell2m2.pdf> </home/fitze/Dropbox/UTA/r/code/vbudsii/scripts/verval/mcnpxsimplan
t/serpentcompare_ab/figs/serpentcomparexscell2m102.pdf>]
<figs/serpentcomparexscell2z92235m2.pdf, id=300, 441.84773pt x 213.40529pt>
File: figs/serpentcomparexscell2z92235m2.pdf Graphic file (type pdf)

<use figs/serpentcomparexscell2z92235m2.pdf>
<figs/serpentcomparexscell2z92235m102.pdf, id=301, 441.84773pt x 213.40529pt>
File: figs/serpentcomparexscell2z92235m102.pdf Graphic file (type pdf)

<use figs/serpentcomparexscell2z92235m102.pdf> [11 </home/fitze/Dropbox/UTA/r/c
ode/vbudsii/scripts/verval/mcnpxsimplant/serpentcompare_ab/figs/serpentcomparex
scell2z92235m7.pdf> </home/fitze/Dropbox/UTA/r/code/vbudsii/scripts/verval/mcnp
xsimplant/serpentcompare_ab/figs/serpentcomparexscell2z92235m2.pdf>]
<figs/serpentcomparexscell2z92235m18.pdf, id=325, 441.84773pt x 213.40628pt>
File: figs/serpentcomparexscell2z92235m18.pdf Graphic file (type pdf)

<use figs/serpentcomparexscell2z92235m18.pdf>
<figs/serpentcomparexscell2z92235m9.pdf, id=326, 441.84773pt x 213.40628pt>
File: figs/serpentcomparexscell2z92235m9.pdf Graphic file (type pdf)

<use figs/serpentcomparexscell2z92235m9.pdf> [12 </home/fitze/Dropbox/UTA/r/cod
e/vbudsii/scripts/verval/mcnpxsimplant/serpentcompare_ab/figs/serpentcomparexsc
ell2z92235m102.pdf> </home/fitze/Dropbox/UTA/r/code/vbudsii/scripts/verval/mcnp
xsimplant/serpentcompare_ab/figs/serpentcomparexscell2z92235m18.pdf>]
<figs/serpentcomparexscell2z92238m7.pdf, id=350, 441.84773pt x 213.40628pt>
File: figs/serpentcomparexscell2z92238m7.pdf Graphic file (type pdf)

<use figs/serpentcomparexscell2z92238m7.pdf>
<figs/serpentcomparexscell2z92238m2.pdf, id=351, 441.84773pt x 213.40529pt>
File: figs/serpentcomparexscell2z92238m2.pdf Graphic file (type pdf)

<use figs/serpentcomparexscell2z92238m2.pdf> [13 </home/fitze/Dropbox/UTA/r/cod
e/vbudsii/scripts/verval/mcnpxsimplant/serpentcompare_ab/figs/serpentcomparexsc
ell2z92235m9.pdf> </home/fitze/Dropbox/UTA/r/code/vbudsii/scripts/verval/mcnpxs
implant/serpentcompare_ab/figs/serpentcomparexscell2z92238m7.pdf>]
<figs/serpentcomparexscell2z92238m102.pdf, id=376, 441.84773pt x 213.40529pt>
File: figs/serpentcomparexscell2z92238m102.pdf Graphic file (type pdf)

<use figs/serpentcomparexscell2z92238m102.pdf>
<figs/serpentcomparexscell2z92238m18.pdf, id=377, 441.84773pt x 213.40529pt>
File: figs/serpentcomparexscell2z92238m18.pdf Graphic file (type pdf)

<use figs/serpentcomparexscell2z92238m18.pdf> [14 </home/fitze/Dropbox/UTA/r/co
de/vbudsii/scripts/verval/mcnpxsimplant/serpentcompare_ab/figs/serpentcomparexs
cell2z92238m2.pdf> </home/fitze/Dropbox/UTA/r/code/vbudsii/scripts/verval/mcnpx
simplant/serpentcompare_ab/figs/serpentcomparexscell2z92238m102.pdf>]
<figs/serpentcomparexscell2z92238m9.pdf, id=401, 441.84773pt x 213.40529pt>
File: figs/serpentcomparexscell2z92238m9.pdf Graphic file (type pdf)

<use figs/serpentcomparexscell2z92238m9.pdf>
<figs/serpentcomparexscell2z8016m7.pdf, id=402, 441.84773pt x 213.40529pt>
File: figs/serpentcomparexscell2z8016m7.pdf Graphic file (type pdf)

<use figs/serpentcomparexscell2z8016m7.pdf> [15 </home/fitze/Dropbox/UTA/r/code
/vbudsii/scripts/verval/mcnpxsimplant/serpentcompare_ab/figs/serpentcomparexsce
ll2z92238m18.pdf> </home/fitze/Dropbox/UTA/r/code/vbudsii/scripts/verval/mcnpxs
implant/serpentcompare_ab/figs/serpentcomparexscell2z92238m9.pdf>]
<figs/serpentcomparexscell2z8016m2.pdf, id=426, 441.84773pt x 213.40628pt>
File: figs/serpentcomparexscell2z8016m2.pdf Graphic file (type pdf)

<use figs/serpentcomparexscell2z8016m2.pdf>
<figs/serpentcomparexscell2z8016m102.pdf, id=427, 441.84773pt x 220.87119pt>
File: figs/serpentcomparexscell2z8016m102.pdf Graphic file (type pdf)

<use figs/serpentcomparexscell2z8016m102.pdf> [16 </home/fitze/Dropbox/UTA/r/co
de/vbudsii/scripts/verval/mcnpxsimplant/serpentcompare_ab/figs/serpentcomparexs
cell2z8016m7.pdf> </home/fitze/Dropbox/UTA/r/code/vbudsii/scripts/verval/mcnpxs
implant/serpentcompare_ab/figs/serpentcomparexscell2z8016m2.pdf>] [17 </home/fi
tze/Dropbox/UTA/r/code/vbudsii/scripts/verval/mcnpxsimplant/serpentcompare_ab/f
igs/serpentcomparexscell2z8016m102.pdf>]
(/home/fitze/Dropbox/UTA/r/code/vbudsii/scripts/verval/mcnpxsimplant/serpentcom
pare_ab/serpentcompare.aux)

LaTeX Warning: There were multiply-defined labels.

 ) 
Here is how much of TeX's memory you used:
 2428 strings out of 495061
 43635 string characters out of 1182621
 99945 words of memory out of 3000000
 5598 multiletter control sequences out of 15000+50000
 8808 words of font info for 31 fonts, out of 3000000 for 9000
 28 hyphenation exceptions out of 8191
 37i,6n,38p,386b,286s stack positions out of 5000i,500n,10000p,200000b,50000s
</usr/share/texmf-texlive/fonts/type1/public/amsfonts/cm/cmbx12.pfb></usr/sha
re/texmf-texlive/fonts/type1/public/amsfonts/cm/cmmi10.pfb></usr/share/texmf-te
xlive/fonts/type1/public/amsfonts/cm/cmr12.pfb></usr/share/texmf-texlive/fonts/
type1/public/amsfonts/cm/cmr17.pfb></usr/share/texmf-texlive/fonts/type1/public
/amsfonts/cm/cmsy10.pfb></usr/share/texmf-texlive/fonts/type1/public/amsfonts/c
m/cmsy7.pfb></usr/share/texmf-texlive/fonts/type1/urw/helvetic/uhvr8a.pfb></usr
/share/texmf-texlive/fonts/type1/urw/helvetic/uhvro8a.pfb>
Output written on serpentcompare.pdf (17 pages, 376012 bytes).
PDF statistics:
 480 PDF objects out of 1000 (max. 8388607)
 0 named destinations out of 1000 (max. 500000)
 151 words of extra memory for PDF output out of 10000 (max. 10000000)

